<?xml version="1.0" encoding="UTF-8"?>
<testsuites name="SmokeSuite" time="28" tests="1" failures="1" errors="0">
   <testsuite name="SmokeSuite" tests="1" failures="1" errors="0" time="28" timestamp="2017-10-22 18:51:25" hostname="lokesh - DESKTOP-7FI2243" id="Test Suites/SmokeSuite">
      <properties>
         <property name="deviceName" value=""/>
         <property name="devicePlatform" value=""/>
         <property name="logFolder" value="C:\\Users\\lokesh\\Katalon Studio\\recordTest\\Reports\\SmokeSuite\\20171022_185123"/>
         <property name="logFiles" value="C:\\Users\\lokesh\\Katalon Studio\\recordTest\\Reports\\SmokeSuite\\20171022_185123\\execution0.log"/>
         <property name="attachments" value=""/>
         <property name="hostName" value="lokesh - DESKTOP-7FI2243"/>
         <property name="os" value="Windows 10 64bit"/>
         <property name="katalonVersion" value="4.8.0.2"/>
         <property name="browser" value="Chrome 61.0.3163.100"/>
         <property name="hostAddress" value="192.168.0.100"/>
         <property name="sessionId" value="53cb54ccf56f5bc58c94df696bfc8fa5"/>
         <property name="seleniumVersion" value="2.53.0"/>
         <property name="proxyInformation" value="ProxyInformation{proxyOption=NO_PROXY, proxyServerType=, password=, proxyServerAddress=, proxyServerPort=0}"/>
         <property name="platform" value="Windows 10"/>
      </properties>
      <testcase name="Test Cases/Lgon/TC01" classname="Test Cases/Lgon/TC01" status="PASSED">
         <system-out><![CDATA[2017-10-22 18:51:25 - [TEST_CASE][PASSED] - Test Cases/Lgon/TC01: Test Cases/Lgon/TC01

2017-10-22 18:51:26 - [TEST_STEP][PASSED] - openBrowser: Browser is opened with url: ''

2017-10-22 18:51:29 - [MESSAGE][PASSED] - Browser is opened with url: ''

2017-10-22 18:51:29 - [TEST_STEP][PASSED] - navigateToUrl: Navigate to 'http://opensource.demo.orangehrmlive.com/' successfully

2017-10-22 18:51:45 - [MESSAGE][PASSED] - Navigate to 'http://opensource.demo.orangehrmlive.com/' successfully

2017-10-22 18:51:45 - [TEST_STEP][PASSED] - click: Object: 'Object Repository/TC01_OR/Page_OrangeHRM/span_Username' is clicked on

2017-10-22 18:51:45 - [MESSAGE][PASSED] - Object: 'Object Repository/TC01_OR/Page_OrangeHRM/span_Username' is clicked on

2017-10-22 18:51:45 - [TEST_STEP][PASSED] - setText: Text 'Admin' is set on object 'Object Repository/TC01_OR/Page_OrangeHRM/input_txtUsername'

2017-10-22 18:51:45 - [MESSAGE][PASSED] - Text 'Admin' is set on object 'Object Repository/TC01_OR/Page_OrangeHRM/input_txtUsername'

2017-10-22 18:51:45 - [TEST_STEP][PASSED] - setText: Text 'admin' is set on object 'Object Repository/TC01_OR/Page_OrangeHRM/input_txtPassword'

2017-10-22 18:51:45 - [MESSAGE][PASSED] - Text 'admin' is set on object 'Object Repository/TC01_OR/Page_OrangeHRM/input_txtPassword'

2017-10-22 18:51:45 - [TEST_STEP][PASSED] - click: Object: 'Object Repository/TC01_OR/Page_OrangeHRM/input_Submit' is clicked on

2017-10-22 18:51:51 - [MESSAGE][PASSED] - Object: 'Object Repository/TC01_OR/Page_OrangeHRM/input_Submit' is clicked on

2017-10-22 18:51:51 - [TEST_STEP][PASSED] - click: Object: 'Object Repository/TC01_OR/Page_OrangeHRM (1)/img' is clicked on

2017-10-22 18:51:51 - [MESSAGE][PASSED] - Object: 'Object Repository/TC01_OR/Page_OrangeHRM (1)/img' is clicked on

2017-10-22 18:51:51 - [TEST_STEP][PASSED] - setText: Text 'lok' is set on object 'Object Repository/TC01_OR/Page_OrangeHRM (2)/input_timeemployeeName'

2017-10-22 18:51:52 - [MESSAGE][PASSED] - Text 'lok' is set on object 'Object Repository/TC01_OR/Page_OrangeHRM (2)/input_timeemployeeName'

2017-10-22 18:51:52 - [TEST_STEP][PASSED] - sendKeys: Keys '' sent to object: 'Object Repository/TC01_OR/Page_OrangeHRM (2)/input_timeemployeeName'

2017-10-22 18:51:52 - [MESSAGE][PASSED] - Keys '' sent to object: 'Object Repository/TC01_OR/Page_OrangeHRM (2)/input_timeemployeeName'

2017-10-22 18:51:52 - [TEST_STEP][PASSED] - click: Object: 'Object Repository/TC01_OR/Page_OrangeHRM (2)/span_Invalid' is clicked on

2017-10-22 18:51:52 - [MESSAGE][PASSED] - Object: 'Object Repository/TC01_OR/Page_OrangeHRM (2)/span_Invalid' is clicked on

2017-10-22 18:51:52 - [TEST_STEP][PASSED] - verifyElementPresent: Object 'Object Repository/TC01_OR/Page_OrangeHRM (2)/span_Invalid' is present

2017-10-22 18:51:52 - [MESSAGE][WARNING] - Timeout '0' is invalid. Using default page load timeout: '30'

2017-10-22 18:51:52 - [MESSAGE][PASSED] - Object 'Object Repository/TC01_OR/Page_OrangeHRM (2)/span_Invalid' is present

2017-10-22 18:51:52 - [TEST_STEP][PASSED] - closeBrowser: Browser is closed

2017-10-22 18:51:53 - [MESSAGE][PASSED] - Browser is closed]]></system-out>
         <system-err><![CDATA[]]></system-err>
      </testcase>
      <testcase name="Test Cases/TC03" classname="Test Cases/TC03" status="FAILED">
         <failure type="FAILED" message="Unable to accept alert (Root cause: com.kms.katalon.core.webui.exception.BrowserNotOpenedException: Browser is not opened
Build info: version: '2.53.0', revision: '35ae25b', time: '2016-03-15 17:00:58'
System info: host: 'DESKTOP-7FI2243', ip: '192.168.0.100', os.name: 'Windows 10', os.arch: 'amd64', os.version: '10.0', java.version: '1.8.0_102'
Driver info: driver.version: unknown)"/>
         <system-out><![CDATA[2017-10-22 18:51:53 - [TEST_CASE][FAILED] - Test Cases/TC03: Test Cases/TC03 FAILED because (of) Unable to accept alert (Root cause: com.kms.katalon.core.webui.exception.BrowserNotOpenedException: Browser is not opened
Build info: version: '2.53.0', revision: '35ae25b', time: '2016-03-15 17:00:58'
System info: host: 'DESKTOP-7FI2243', ip: '192.168.0.100', os.name: 'Windows 10', os.arch: 'amd64', os.version: '10.0', java.version: '1.8.0_102'
Driver info: driver.version: unknown)

2017-10-22 18:51:53 - [TEST_STEP][FAILED] - acceptAlert: Unable to accept alert (Root cause: com.kms.katalon.core.webui.exception.BrowserNotOpenedException: Browser is not opened
Build info: version: '2.53.0', revision: '35ae25b', time: '2016-03-15 17:00:58'
System info: host: 'DESKTOP-7FI2243', ip: '192.168.0.100', os.name: 'Windows 10', os.arch: 'amd64', os.version: '10.0', java.version: '1.8.0_102'
Driver info: driver.version: unknown)

2017-10-22 18:51:53 - [MESSAGE][WARNING] - Cannot take screenshot

2017-10-22 18:51:53 - [MESSAGE][FAILED] - Unable to accept alert (Root cause: com.kms.katalon.core.webui.exception.BrowserNotOpenedException: Browser is not opened
Build info: version: '2.53.0', revision: '35ae25b', time: '2016-03-15 17:00:58'
System info: host: 'DESKTOP-7FI2243', ip: '192.168.0.100', os.name: 'Windows 10', os.arch: 'amd64', os.version: '10.0', java.version: '1.8.0_102'
Driver info: driver.version: unknown)]]></system-out>
         <system-err><![CDATA[2017-10-22 18:51:53 - [TEST_CASE][FAILED] - Test Cases/TC03: Test Cases/TC03 FAILED because (of) Unable to accept alert (Root cause: com.kms.katalon.core.webui.exception.BrowserNotOpenedException: Browser is not opened
Build info: version: '2.53.0', revision: '35ae25b', time: '2016-03-15 17:00:58'
System info: host: 'DESKTOP-7FI2243', ip: '192.168.0.100', os.name: 'Windows 10', os.arch: 'amd64', os.version: '10.0', java.version: '1.8.0_102'
Driver info: driver.version: unknown)]]></system-err>
      </testcase>
      <system-out><![CDATA[2017-10-22 18:51:25 - [TEST_SUITE][FAILED] - SmokeSuite: Test Cases/TC03 FAILED because (of) Unable to accept alert (Root cause: com.kms.katalon.core.webui.exception.BrowserNotOpenedException: Browser is not opened
Build info: version: '2.53.0', revision: '35ae25b', time: '2016-03-15 17:00:58'
System info: host: 'DESKTOP-7FI2243', ip: '192.168.0.100', os.name: 'Windows 10', os.arch: 'amd64', os.version: '10.0', java.version: '1.8.0_102'
Driver info: driver.version: unknown)]]></system-out>
      <system-err><![CDATA[2017-10-22 18:51:25 - [TEST_SUITE][FAILED] - SmokeSuite: Test Cases/TC03 FAILED because (of) Unable to accept alert (Root cause: com.kms.katalon.core.webui.exception.BrowserNotOpenedException: Browser is not opened
Build info: version: '2.53.0', revision: '35ae25b', time: '2016-03-15 17:00:58'
System info: host: 'DESKTOP-7FI2243', ip: '192.168.0.100', os.name: 'Windows 10', os.arch: 'amd64', os.version: '10.0', java.version: '1.8.0_102'
Driver info: driver.version: unknown)]]></system-err>
   </testsuite>
</testsuites>
